[INFO  - 2017-09-27T07:44:07.828Z] GhostDriver - Main - running on port 49322
[INFO  - 2017-09-27T07:44:08.099Z] Session [a4d42be0-a357-11e7-b24c-e5621b20e5e8] - page.settings - {"XSSAuditingEnabled":false,"javascriptCanCloseWindows":true,"javascriptCanOpenWindows":true,"javascriptEnabled":true,"loadImages":true,"localToRemoteUrlAccessEnabled":false,"userAgent":"Mozilla/5.0 (Macintosh; Intel Mac OS X) AppleWebKit/538.1 (KHTML, like Gecko) PhantomJS/2.1.1 Safari/538.1","webSecurityEnabled":true}
[INFO  - 2017-09-27T07:44:08.099Z] Session [a4d42be0-a357-11e7-b24c-e5621b20e5e8] - page.customHeaders:  - {}
[INFO  - 2017-09-27T07:44:08.099Z] Session [a4d42be0-a357-11e7-b24c-e5621b20e5e8] - Session.negotiatedCapabilities - {"browserName":"phantomjs","version":"2.1.1","driverName":"ghostdriver","driverVersion":"1.2.0","platform":"mac-10.11 (El Capitan)-64bit","javascriptEnabled":true,"takesScreenshot":true,"handlesAlerts":false,"databaseEnabled":false,"locationContextEnabled":false,"applicationCacheEnabled":false,"browserConnectionEnabled":false,"cssSelectorsEnabled":true,"webStorageEnabled":false,"rotatable":false,"acceptSslCerts":false,"nativeEvents":true,"proxy":{"proxyType":"direct"}}
[INFO  - 2017-09-27T07:44:08.099Z] SessionManagerReqHand - _postNewSessionCommand - New Session Created: a4d42be0-a357-11e7-b24c-e5621b20e5e8
[ERROR - 2017-09-27T07:44:18.849Z] Session [a4d42be0-a357-11e7-b24c-e5621b20e5e8] - page.onError - msg: ReferenceError: Can't find variable: validatemobile

  phantomjs://platform/console++.js:263 in error
[ERROR - 2017-09-27T07:44:18.849Z] Session [a4d42be0-a357-11e7-b24c-e5621b20e5e8] - page.onError - stack:
  onblur (https://firms.guanplus.com/login:39)
  blur (:0)
  re (:98)
  og (:122)
  Cg (:133)
  (anonymous function) (:133)
  (anonymous function) (:133)
  (anonymous function) (:134)

  phantomjs://platform/console++.js:263 in error
[ERROR - 2017-09-27T07:44:18.918Z] Session [a4d42be0-a357-11e7-b24c-e5621b20e5e8] - page.onError - msg: ReferenceError: Can't find variable: validatpassword

  phantomjs://platform/console++.js:263 in error
[ERROR - 2017-09-27T07:44:18.918Z] Session [a4d42be0-a357-11e7-b24c-e5621b20e5e8] - page.onError - stack:
  onblur (https://firms.guanplus.com/login:46)
  blur (:0)
  Re (:104)
  gh (:141)
  sh (:152)
  (anonymous function) (:152)
  (anonymous function) (:152)
  (anonymous function) (:153)

  phantomjs://platform/console++.js:263 in error
[ERROR - 2017-09-27T07:44:18.919Z] Session [a4d42be0-a357-11e7-b24c-e5621b20e5e8] - page.onError - msg: ReferenceError: Can't find variable: signIn

  phantomjs://platform/console++.js:263 in error
[ERROR - 2017-09-27T07:44:18.919Z] Session [a4d42be0-a357-11e7-b24c-e5621b20e5e8] - page.onError - stack:
  onclick (https://firms.guanplus.com/login:53)
  dispatchEvent (:0)
  U (:119)
  $ (:108)
  $ (:101)
  gh (:141)
  sh (:152)
  (anonymous function) (:152)
  (anonymous function) (:152)
  (anonymous function) (:153)

  phantomjs://platform/console++.js:263 in error
[ERROR - 2017-09-27T07:44:53.975Z] WebElementLocator - _handleLocateCommand - Element(s) NOT Found: GAVE UP. Search Stop Time: 1506498293934

  phantomjs://platform/console++.js:263 in error
